<?xml version="1.0" encoding="UTF-8"?>
<testsuite xmlns:xsi="http://www.w3.org/2001/XMLSchema-instance" xsi:noNamespaceSchemaLocation="https://maven.apache.org/surefire/maven-surefire-plugin/xsd/surefire-test-report.xsd" name="ConfigClient.centralizedconfigurationclient.CentralizedConfigurationClientApplicationTests" time="14.621" tests="1" errors="0" skipped="0" failures="0">
  <properties>
[...]
</properties>
  <testcase name="contextLoads" classname="ConfigClient.centralizedconfigurationclient.CentralizedConfigurationClientApplicationTests" time="1.093"/>
</testsuite>